<?xml version="1.0" encoding="UTF-8"?>
<!-- Generated by org.testng.reporters.JUnitReportReporter -->
<testsuite hostname="Xyoss005" failures="0" tests="3" name="testCases.TC_013_Table_Details" time="32.937" errors="0" timestamp="2024-03-29T14:07:38 IST" skipped="0">
  <testcase classname="testCases.TC_013_Table_Details" name="searchtable" time="13.148"/>
  <system-out/>
  <testcase classname="testCases.TC_013_Table_Details" name="showAlltablesData" time="6.414"/>
  <system-out/>
  <testcase classname="testCases.TC_013_Table_Details" name="addNewTable" time="13.375"/>
  <system-out/>
</testsuite> <!-- testCases.TC_013_Table_Details -->
