<?xml version="1.0" encoding="UTF-8"?>
<!-- Generated by org.testng.reporters.JUnitReportReporter -->
<testsuite hostname="Xyoss005" failures="0" tests="1" name="testCases.TC_003_Logout" time="35.617" errors="0" timestamp="2024-03-27T15:24:20 IST" skipped="0">
  <testcase classname="testCases.TC_003_Logout" name="doLogout" time="35.617"/>
  <system-out/>
</testsuite> <!-- testCases.TC_003_Logout -->
