<?xml version="1.0" encoding="UTF-8"?>
<!-- Generated by org.testng.reporters.JUnitReportReporter -->
<testsuite hostname="Xyoss005" failures="0" tests="2" name="testCases.TC_008_Reservation_Search" time="211.278" errors="0" timestamp="2024-03-28T14:38:08 IST" skipped="0">
  <testcase classname="testCases.TC_008_Reservation_Search" name="reservationSearch" time="118.340"/>
  <system-out/>
  <testcase classname="testCases.TC_008_Reservation_Search" name="makeReservation" time="92.938"/>
  <system-out/>
</testsuite> <!-- testCases.TC_008_Reservation_Search -->
