<?xml version="1.0" encoding="UTF-8"?>
<!-- Generated by org.testng.reporters.JUnitReportReporter -->
<testsuite hostname="Xyoss005" failures="0" tests="4" name="testCases.TC_007_Menu" time="13.448" errors="0" timestamp="2024-03-28T14:38:08 IST" skipped="0">
  <testcase classname="testCases.TC_007_Menu" name="menuCheck" time="2.830"/>
  <system-out/>
  <testcase classname="testCases.TC_007_Menu" name="mainDisheCheck" time="3.488"/>
  <system-out/>
  <testcase classname="testCases.TC_007_Menu" name="sideDisheCheck" time="3.651"/>
  <system-out/>
  <testcase classname="testCases.TC_007_Menu" name="drinksDisheCheck" time="3.479"/>
  <system-out/>
</testsuite> <!-- testCases.TC_007_Menu -->
