<?xml version="1.0" encoding="UTF-8"?>
<!-- Generated by org.testng.reporters.JUnitReportReporter -->
<testsuite hostname="Xyoss005" failures="0" tests="1" name="testCases.TC_003_Login" time="2.406" errors="0" timestamp="2024-03-26T21:47:24 IST" skipped="0">
  <testcase classname="testCases.TC_003_Login" name="test_login" time="2.406"/>
  <system-out/>
</testsuite> <!-- testCases.TC_003_Login -->
