<?xml version="1.0" encoding="UTF-8"?>
<!-- Generated by org.testng.reporters.JUnitReportReporter -->
<testsuite hostname="Xyoss005" failures="0" tests="1" name="testCases.TC_004_Registration" time="83.805" errors="0" timestamp="2024-03-28T14:38:08 IST" skipped="0">
  <testcase classname="testCases.TC_004_Registration" name="doRegistration" time="83.805"/>
  <system-out/>
</testsuite> <!-- testCases.TC_004_Registration -->
