<?xml version="1.0" encoding="UTF-8"?>
<!-- Generated by org.testng.reporters.JUnitReportReporter -->
<testsuite hostname="Xyoss005" failures="0" tests="2" name="testCases.TC_008_Reservation_Search" time="60.861" errors="0" timestamp="2024-03-28T11:48:12 IST" skipped="0">
  <testcase classname="testCases.TC_008_Reservation_Search" name="reservationSearch" time="44.865"/>
  <system-out/>
  <testcase classname="testCases.TC_008_Reservation_Search" name="makeReservation" time="15.996"/>
  <system-out/>
</testsuite> <!-- testCases.TC_008_Reservation_Search -->
