<?xml version="1.0" encoding="UTF-8"?>
<!-- Generated by org.testng.reporters.JUnitReportReporter -->
<testsuite hostname="Xyoss005" failures="0" tests="1" name="testCases.TC_004_Registration" time="91.538" errors="0" timestamp="2024-03-27T22:30:49 IST" skipped="0">
  <testcase classname="testCases.TC_004_Registration" name="doRegistration" time="91.538"/>
  <system-out/>
</testsuite> <!-- testCases.TC_004_Registration -->
