<?xml version="1.0" encoding="UTF-8"?>
<!-- Generated by org.testng.reporters.JUnitReportReporter -->
<testsuite hostname="Xyoss005" failures="0" tests="1" name="testCases.TC_006_ContactInformation" time="64.776" errors="0" timestamp="2024-03-28T00:14:36 IST" skipped="0">
  <testcase classname="testCases.TC_006_ContactInformation" name="contactUs" time="64.776"/>
  <system-out/>
</testsuite> <!-- testCases.TC_006_ContactInformation -->
